   1               		.file	"usb_rawhid.c"
   2               	__SREG__ = 0x3f
   3               	__SP_H__ = 0x3e
   4               	__SP_L__ = 0x3d
   5               	__tmp_reg__ = 0
   6               	__zero_reg__ = 1
   7               		.global __do_copy_data
   8               		.global __do_clear_bss
  16               	.Ltext0:
  17               		.section	.text.usb_init,"ax",@progbits
  18               	.global	usb_init
  20               	usb_init:
  21               	.LFB0:
  22               	.LSM0:
  23               	/* prologue: function */
  24               	/* frame size = 0 */
  25               	.LSM1:
  26 0000 81E0      		ldi r24,lo8(1)
  27 0002 8093 D700 		sts 215,r24
  28               	.LSM2:
  29 0006 80EA      		ldi r24,lo8(-96)
  30 0008 8093 D800 		sts 216,r24
  31               	.LSM3:
  32 000c 82E1      		ldi r24,lo8(18)
  33 000e 89BD      		out 73-0x20,r24
  34               	.L2:
  35               	.LSM4:
  36 0010 09B4      		in __tmp_reg__,73-0x20
  37 0012 00FE      		sbrs __tmp_reg__,0
  38 0014 00C0      		rjmp .L2
  39               	.LSM5:
  40 0016 80E9      		ldi r24,lo8(-112)
  41 0018 8093 D800 		sts 216,r24
  42               	.LSM6:
  43 001c 1092 E000 		sts 224,__zero_reg__
  44               	.LSM7:
  45 0020 1092 0000 		sts usb_configuration,__zero_reg__
  46               	.LSM8:
  47 0024 8CE0      		ldi r24,lo8(12)
  48 0026 8093 E200 		sts 226,r24
  49               	.LSM9:
  50               	/* #APP */
  51               	 ;  257 "usb_rawhid.c" 1
  52 002a 7894      		sei
  53               	 ;  0 "" 2
  54               	/* epilogue start */
  55               	.LSM10:
  56               	/* #NOAPP */
  57 002c 0895      		ret
  58               	.LFE0:
  60               		.section	.text.usb_configured,"ax",@progbits
  61               	.global	usb_configured
  63               	usb_configured:
  64               	.LFB1:
  65               	.LSM11:
  66               	/* prologue: function */
  67               	/* frame size = 0 */
  68               	.LSM12:
  69 0000 8091 0000 		lds r24,usb_configuration
  70               	/* epilogue start */
  71               	.LSM13:
  72 0004 0895      		ret
  73               	.LFE1:
  75               		.section	.text.usb_rawhid_recv,"ax",@progbits
  76               	.global	usb_rawhid_recv
  78               	usb_rawhid_recv:
  79               	.LFB2:
  80               	.LSM14:
  81               	.LVL0:
  82               	/* prologue: function */
  83               	/* frame size = 0 */
  84               	.LSM15:
  85 0000 2091 0000 		lds r18,usb_configuration
  86 0004 2223      		tst r18
  87 0006 01F4      		brne .+2
  88 0008 00C0      		rjmp .L9
  89               	.LSM16:
  90 000a 2FB7      		in r18,__SREG__
  91               	.LVL1:
  92               	.LSM17:
  93               	/* #APP */
  94               	 ;  276 "usb_rawhid.c" 1
  95 000c F894      		cli
  96               	 ;  0 "" 2
  97               	.LSM18:
  98               	/* #NOAPP */
  99 000e 6093 0000 		sts rx_timeout_count,r22
 100               	.LSM19:
 101 0012 32E0      		ldi r19,lo8(2)
 102               	.L15:
 103 0014 3093 E900 		sts 233,r19
 104               	.LSM20:
 105 0018 4091 E800 		lds r20,232
 106 001c 45FD      		sbrc r20,5
 107 001e 00C0      		rjmp .L10
 108               	.LSM21:
 109 0020 2FBF      		out __SREG__,r18
 110               	.LSM22:
 111 0022 2091 0000 		lds r18,rx_timeout_count
 112               	.LVL2:
 113 0026 2223      		tst r18
 114 0028 01F4      		brne .L11
 115 002a 80E0      		ldi r24,lo8(0)
 116               	.LVL3:
 117 002c 0895      		ret
 118               	.LVL4:
 119               	.L11:
 120               	.LSM23:
 121 002e 2091 0000 		lds r18,usb_configuration
 122 0032 2223      		tst r18
 123 0034 01F4      		brne .+2
 124 0036 00C0      		rjmp .L9
 125               	.LSM24:
 126 0038 2FB7      		in r18,__SREG__
 127               	.LVL5:
 128               	.LSM25:
 129               	/* #APP */
 130               	 ;  286 "usb_rawhid.c" 1
 131 003a F894      		cli
 132               	 ;  0 "" 2
 133               	/* #NOAPP */
 134 003c 00C0      		rjmp .L15
 135               	.L10:
 136               	.LSM26:
 137 003e 3091 F100 		lds r19,241
 138 0042 FC01      		movw r30,r24
 139 0044 3193      		st Z+,r19
 140               	.LSM27:
 141 0046 3091 F100 		lds r19,241
 142 004a DC01      		movw r26,r24
 143 004c 1196      		adiw r26,1
 144 004e 3C93      		st X,r19
 145 0050 DF01      		movw r26,r30
 146 0052 1196      		adiw r26,1
 147               	.LVL6:
 148               	.LSM28:
 149 0054 8091 F100 		lds r24,241
 150 0058 8183      		std Z+1,r24
 151 005a FD01      		movw r30,r26
 152 005c 3196      		adiw r30,1
 153               	.LVL7:
 154               	.LSM29:
 155 005e 8091 F100 		lds r24,241
 156 0062 1196      		adiw r26,1
 157 0064 8C93      		st X,r24
 158 0066 DF01      		movw r26,r30
 159 0068 1196      		adiw r26,1
 160               	.LVL8:
 161               	.LSM30:
 162 006a 8091 F100 		lds r24,241
 163 006e 8183      		std Z+1,r24
 164 0070 FD01      		movw r30,r26
 165 0072 3196      		adiw r30,1
 166               	.LVL9:
 167               	.LSM31:
 168 0074 8091 F100 		lds r24,241
 169 0078 1196      		adiw r26,1
 170 007a 8C93      		st X,r24
 171 007c DF01      		movw r26,r30
 172 007e 1196      		adiw r26,1
 173               	.LVL10:
 174               	.LSM32:
 175 0080 8091 F100 		lds r24,241
 176 0084 8183      		std Z+1,r24
 177 0086 FD01      		movw r30,r26
 178 0088 3196      		adiw r30,1
 179               	.LVL11:
 180               	.LSM33:
 181 008a 8091 F100 		lds r24,241
 182 008e 1196      		adiw r26,1
 183 0090 8C93      		st X,r24
 184 0092 DF01      		movw r26,r30
 185 0094 1196      		adiw r26,1
 186               	.LVL12:
 187               	.LSM34:
 188 0096 8091 F100 		lds r24,241
 189 009a 8183      		std Z+1,r24
 190 009c FD01      		movw r30,r26
 191 009e 3196      		adiw r30,1
 192               	.LVL13:
 193               	.LSM35:
 194 00a0 8091 F100 		lds r24,241
 195 00a4 1196      		adiw r26,1
 196 00a6 8C93      		st X,r24
 197 00a8 DF01      		movw r26,r30
 198 00aa 1196      		adiw r26,1
 199               	.LVL14:
 200               	.LSM36:
 201 00ac 8091 F100 		lds r24,241
 202 00b0 8183      		std Z+1,r24
 203 00b2 FD01      		movw r30,r26
 204 00b4 3196      		adiw r30,1
 205               	.LVL15:
 206               	.LSM37:
 207 00b6 8091 F100 		lds r24,241
 208 00ba 1196      		adiw r26,1
 209 00bc 8C93      		st X,r24
 210 00be DF01      		movw r26,r30
 211 00c0 1196      		adiw r26,1
 212               	.LVL16:
 213               	.LSM38:
 214 00c2 8091 F100 		lds r24,241
 215 00c6 8183      		std Z+1,r24
 216 00c8 FD01      		movw r30,r26
 217 00ca 3196      		adiw r30,1
 218               	.LVL17:
 219               	.LSM39:
 220 00cc 8091 F100 		lds r24,241
 221 00d0 1196      		adiw r26,1
 222 00d2 8C93      		st X,r24
 223 00d4 DF01      		movw r26,r30
 224 00d6 1196      		adiw r26,1
 225               	.LVL18:
 226               	.LSM40:
 227 00d8 8091 F100 		lds r24,241
 228 00dc 8183      		std Z+1,r24
 229 00de FD01      		movw r30,r26
 230 00e0 3196      		adiw r30,1
 231               	.LVL19:
 232               	.LSM41:
 233 00e2 8091 F100 		lds r24,241
 234 00e6 1196      		adiw r26,1
 235 00e8 8C93      		st X,r24
 236 00ea DF01      		movw r26,r30
 237 00ec 1196      		adiw r26,1
 238               	.LVL20:
 239               	.LSM42:
 240 00ee 8091 F100 		lds r24,241
 241 00f2 8183      		std Z+1,r24
 242 00f4 FD01      		movw r30,r26
 243 00f6 3196      		adiw r30,1
 244               	.LVL21:
 245               	.LSM43:
 246 00f8 8091 F100 		lds r24,241
 247 00fc 1196      		adiw r26,1
 248 00fe 8C93      		st X,r24
 249 0100 DF01      		movw r26,r30
 250 0102 1196      		adiw r26,1
 251               	.LVL22:
 252               	.LSM44:
 253 0104 8091 F100 		lds r24,241
 254 0108 8183      		std Z+1,r24
 255 010a FD01      		movw r30,r26
 256 010c 3196      		adiw r30,1
 257               	.LVL23:
 258               	.LSM45:
 259 010e 8091 F100 		lds r24,241
 260 0112 1196      		adiw r26,1
 261 0114 8C93      		st X,r24
 262 0116 DF01      		movw r26,r30
 263 0118 1196      		adiw r26,1
 264               	.LVL24:
 265               	.LSM46:
 266 011a 8091 F100 		lds r24,241
 267 011e 8183      		std Z+1,r24
 268 0120 FD01      		movw r30,r26
 269 0122 3196      		adiw r30,1
 270               	.LVL25:
 271               	.LSM47:
 272 0124 8091 F100 		lds r24,241
 273 0128 1196      		adiw r26,1
 274 012a 8C93      		st X,r24
 275 012c DF01      		movw r26,r30
 276 012e 1196      		adiw r26,1
 277               	.LVL26:
 278               	.LSM48:
 279 0130 8091 F100 		lds r24,241
 280 0134 8183      		std Z+1,r24
 281 0136 FD01      		movw r30,r26
 282 0138 3196      		adiw r30,1
 283               	.LVL27:
 284               	.LSM49:
 285 013a 8091 F100 		lds r24,241
 286 013e 1196      		adiw r26,1
 287 0140 8C93      		st X,r24
 288 0142 DF01      		movw r26,r30
 289 0144 1196      		adiw r26,1
 290               	.LVL28:
 291               	.LSM50:
 292 0146 8091 F100 		lds r24,241
 293 014a 8183      		std Z+1,r24
 294 014c FD01      		movw r30,r26
 295 014e 3196      		adiw r30,1
 296               	.LVL29:
 297               	.LSM51:
 298 0150 8091 F100 		lds r24,241
 299 0154 1196      		adiw r26,1
 300 0156 8C93      		st X,r24
 301 0158 DF01      		movw r26,r30
 302 015a 1196      		adiw r26,1
 303               	.LVL30:
 304               	.LSM52:
 305 015c 8091 F100 		lds r24,241
 306 0160 8183      		std Z+1,r24
 307 0162 FD01      		movw r30,r26
 308 0164 3196      		adiw r30,1
 309               	.LVL31:
 310               	.LSM53:
 311 0166 8091 F100 		lds r24,241
 312 016a 1196      		adiw r26,1
 313 016c 8C93      		st X,r24
 314 016e DF01      		movw r26,r30
 315 0170 1196      		adiw r26,1
 316               	.LVL32:
 317               	.LSM54:
 318 0172 8091 F100 		lds r24,241
 319 0176 8183      		std Z+1,r24
 320 0178 FD01      		movw r30,r26
 321 017a 3196      		adiw r30,1
 322               	.LVL33:
 323               	.LSM55:
 324 017c 8091 F100 		lds r24,241
 325 0180 1196      		adiw r26,1
 326 0182 8C93      		st X,r24
 327 0184 DF01      		movw r26,r30
 328 0186 1196      		adiw r26,1
 329               	.LVL34:
 330               	.LSM56:
 331 0188 8091 F100 		lds r24,241
 332 018c 8183      		std Z+1,r24
 333 018e FD01      		movw r30,r26
 334 0190 3196      		adiw r30,1
 335               	.LVL35:
 336               	.LSM57:
 337 0192 8091 F100 		lds r24,241
 338 0196 1196      		adiw r26,1
 339 0198 8C93      		st X,r24
 340 019a DF01      		movw r26,r30
 341 019c 1196      		adiw r26,1
 342               	.LVL36:
 343               	.LSM58:
 344 019e 8091 F100 		lds r24,241
 345 01a2 8183      		std Z+1,r24
 346 01a4 FD01      		movw r30,r26
 347 01a6 3196      		adiw r30,1
 348               	.LVL37:
 349               	.LSM59:
 350 01a8 8091 F100 		lds r24,241
 351 01ac 1196      		adiw r26,1
 352 01ae 8C93      		st X,r24
 353 01b0 DF01      		movw r26,r30
 354 01b2 1196      		adiw r26,1
 355               	.LVL38:
 356               	.LSM60:
 357 01b4 8091 F100 		lds r24,241
 358 01b8 8183      		std Z+1,r24
 359 01ba FD01      		movw r30,r26
 360 01bc 3196      		adiw r30,1
 361               	.LVL39:
 362               	.LSM61:
 363 01be 8091 F100 		lds r24,241
 364 01c2 1196      		adiw r26,1
 365 01c4 8C93      		st X,r24
 366 01c6 DF01      		movw r26,r30
 367 01c8 1196      		adiw r26,1
 368               	.LVL40:
 369               	.LSM62:
 370 01ca 8091 F100 		lds r24,241
 371 01ce 8183      		std Z+1,r24
 372 01d0 FD01      		movw r30,r26
 373 01d2 3196      		adiw r30,1
 374               	.LVL41:
 375               	.LSM63:
 376 01d4 8091 F100 		lds r24,241
 377 01d8 1196      		adiw r26,1
 378 01da 8C93      		st X,r24
 379 01dc DF01      		movw r26,r30
 380 01de 1196      		adiw r26,1
 381               	.LVL42:
 382               	.LSM64:
 383 01e0 8091 F100 		lds r24,241
 384 01e4 8183      		std Z+1,r24
 385 01e6 FD01      		movw r30,r26
 386 01e8 3196      		adiw r30,1
 387               	.LVL43:
 388               	.LSM65:
 389 01ea 8091 F100 		lds r24,241
 390 01ee 1196      		adiw r26,1
 391 01f0 8C93      		st X,r24
 392 01f2 DF01      		movw r26,r30
 393 01f4 1196      		adiw r26,1
 394               	.LVL44:
 395               	.LSM66:
 396 01f6 8091 F100 		lds r24,241
 397 01fa 8183      		std Z+1,r24
 398 01fc FD01      		movw r30,r26
 399 01fe 3196      		adiw r30,1
 400               	.LVL45:
 401               	.LSM67:
 402 0200 8091 F100 		lds r24,241
 403 0204 1196      		adiw r26,1
 404 0206 8C93      		st X,r24
 405 0208 DF01      		movw r26,r30
 406 020a 1196      		adiw r26,1
 407               	.LVL46:
 408               	.LSM68:
 409 020c 8091 F100 		lds r24,241
 410 0210 8183      		std Z+1,r24
 411 0212 FD01      		movw r30,r26
 412 0214 3196      		adiw r30,1
 413               	.LVL47:
 414               	.LSM69:
 415 0216 8091 F100 		lds r24,241
 416 021a 1196      		adiw r26,1
 417 021c 8C93      		st X,r24
 418 021e DF01      		movw r26,r30
 419 0220 1196      		adiw r26,1
 420               	.LVL48:
 421               	.LSM70:
 422 0222 8091 F100 		lds r24,241
 423 0226 8183      		std Z+1,r24
 424 0228 FD01      		movw r30,r26
 425 022a 3196      		adiw r30,1
 426               	.LVL49:
 427               	.LSM71:
 428 022c 8091 F100 		lds r24,241
 429 0230 1196      		adiw r26,1
 430 0232 8C93      		st X,r24
 431 0234 DF01      		movw r26,r30
 432 0236 1196      		adiw r26,1
 433               	.LVL50:
 434               	.LSM72:
 435 0238 8091 F100 		lds r24,241
 436 023c 8183      		std Z+1,r24
 437 023e FD01      		movw r30,r26
 438 0240 3196      		adiw r30,1
 439               	.LVL51:
 440               	.LSM73:
 441 0242 8091 F100 		lds r24,241
 442 0246 1196      		adiw r26,1
 443 0248 8C93      		st X,r24
 444 024a DF01      		movw r26,r30
 445 024c 1196      		adiw r26,1
 446               	.LVL52:
 447               	.LSM74:
 448 024e 8091 F100 		lds r24,241
 449 0252 8183      		std Z+1,r24
 450 0254 FD01      		movw r30,r26
 451 0256 3196      		adiw r30,1
 452               	.LVL53:
 453               	.LSM75:
 454 0258 8091 F100 		lds r24,241
 455 025c 1196      		adiw r26,1
 456 025e 8C93      		st X,r24
 457 0260 DF01      		movw r26,r30
 458 0262 1196      		adiw r26,1
 459               	.LVL54:
 460               	.LSM76:
 461 0264 8091 F100 		lds r24,241
 462 0268 8183      		std Z+1,r24
 463 026a FD01      		movw r30,r26
 464 026c 3196      		adiw r30,1
 465               	.LVL55:
 466               	.LSM77:
 467 026e 8091 F100 		lds r24,241
 468 0272 1196      		adiw r26,1
 469 0274 8C93      		st X,r24
 470 0276 DF01      		movw r26,r30
 471 0278 1196      		adiw r26,1
 472               	.LVL56:
 473               	.LSM78:
 474 027a 8091 F100 		lds r24,241
 475 027e 8183      		std Z+1,r24
 476 0280 FD01      		movw r30,r26
 477 0282 3196      		adiw r30,1
 478               	.LVL57:
 479               	.LSM79:
 480 0284 8091 F100 		lds r24,241
 481 0288 1196      		adiw r26,1
 482 028a 8C93      		st X,r24
 483 028c DF01      		movw r26,r30
 484 028e 1196      		adiw r26,1
 485               	.LVL58:
 486               	.LSM80:
 487 0290 8091 F100 		lds r24,241
 488 0294 8183      		std Z+1,r24
 489 0296 FD01      		movw r30,r26
 490 0298 3196      		adiw r30,1
 491               	.LVL59:
 492               	.LSM81:
 493 029a 8091 F100 		lds r24,241
 494 029e 1196      		adiw r26,1
 495 02a0 8C93      		st X,r24
 496 02a2 DF01      		movw r26,r30
 497 02a4 1196      		adiw r26,1
 498               	.LVL60:
 499               	.LSM82:
 500 02a6 8091 F100 		lds r24,241
 501 02aa 8183      		std Z+1,r24
 502 02ac FD01      		movw r30,r26
 503 02ae 3196      		adiw r30,1
 504               	.LVL61:
 505               	.LSM83:
 506 02b0 8091 F100 		lds r24,241
 507 02b4 1196      		adiw r26,1
 508 02b6 8C93      		st X,r24
 509 02b8 DF01      		movw r26,r30
 510 02ba 1196      		adiw r26,1
 511               	.LVL62:
 512               	.LSM84:
 513 02bc 8091 F100 		lds r24,241
 514 02c0 8183      		std Z+1,r24
 515 02c2 FD01      		movw r30,r26
 516 02c4 3196      		adiw r30,1
 517               	.LVL63:
 518               	.LSM85:
 519 02c6 8091 F100 		lds r24,241
 520 02ca 1196      		adiw r26,1
 521 02cc 8C93      		st X,r24
 522 02ce DF01      		movw r26,r30
 523 02d0 1196      		adiw r26,1
 524               	.LVL64:
 525               	.LSM86:
 526 02d2 8091 F100 		lds r24,241
 527 02d6 8183      		std Z+1,r24
 528 02d8 FD01      		movw r30,r26
 529 02da 3196      		adiw r30,1
 530               	.LVL65:
 531               	.LSM87:
 532 02dc 8091 F100 		lds r24,241
 533 02e0 1196      		adiw r26,1
 534 02e2 8C93      		st X,r24
 535 02e4 1197      		sbiw r26,1
 536               	.LSM88:
 537 02e6 8091 F100 		lds r24,241
 538 02ea 8183      		std Z+1,r24
 539               	.LSM89:
 540 02ec 8091 F100 		lds r24,241
 541 02f0 8283      		std Z+2,r24
 542               	.LSM90:
 543 02f2 8BE6      		ldi r24,lo8(107)
 544 02f4 8093 E800 		sts 232,r24
 545               	.LSM91:
 546 02f8 2FBF      		out __SREG__,r18
 547 02fa 80E4      		ldi r24,lo8(64)
 548               	.LSM92:
 549 02fc 0895      		ret
 550               	.LVL66:
 551               	.L9:
 552 02fe 8FEF      		ldi r24,lo8(-1)
 553               	.LVL67:
 554               	.LSM93:
 555 0300 0895      		ret
 556               	.LFE2:
 558               		.section	.text.usb_rawhid_send,"ax",@progbits
 559               	.global	usb_rawhid_send
 561               	usb_rawhid_send:
 562               	.LFB3:
 563               	.LSM94:
 564               	.LVL68:
 565               	/* prologue: function */
 566               	/* frame size = 0 */
 567               	.LSM95:
 568 0000 2091 0000 		lds r18,usb_configuration
 569 0004 2223      		tst r18
 570 0006 01F4      		brne .+2
 571 0008 00C0      		rjmp .L17
 572               	.LSM96:
 573 000a 2FB7      		in r18,__SREG__
 574               	.LVL69:
 575               	.LSM97:
 576               	/* #APP */
 577               	 ;  496 "usb_rawhid.c" 1
 578 000c F894      		cli
 579               	 ;  0 "" 2
 580               	.LSM98:
 581               	/* #NOAPP */
 582 000e 6093 0000 		sts tx_timeout_count,r22
 583               	.LSM99:
 584 0012 31E0      		ldi r19,lo8(1)
 585               	.L23:
 586 0014 3093 E900 		sts 233,r19
 587               	.LSM100:
 588 0018 4091 E800 		lds r20,232
 589 001c 45FD      		sbrc r20,5
 590 001e 00C0      		rjmp .L18
 591               	.LSM101:
 592 0020 2FBF      		out __SREG__,r18
 593               	.LSM102:
 594 0022 2091 0000 		lds r18,tx_timeout_count
 595               	.LVL70:
 596 0026 2223      		tst r18
 597 0028 01F4      		brne .L19
 598 002a 80E0      		ldi r24,lo8(0)
 599               	.LVL71:
 600 002c 0895      		ret
 601               	.LVL72:
 602               	.L19:
 603               	.LSM103:
 604 002e 2091 0000 		lds r18,usb_configuration
 605 0032 2223      		tst r18
 606 0034 01F4      		brne .+2
 607 0036 00C0      		rjmp .L17
 608               	.LSM104:
 609 0038 2FB7      		in r18,__SREG__
 610               	.LVL73:
 611               	.LSM105:
 612               	/* #APP */
 613               	 ;  506 "usb_rawhid.c" 1
 614 003a F894      		cli
 615               	 ;  0 "" 2
 616               	/* #NOAPP */
 617 003c 00C0      		rjmp .L23
 618               	.L18:
 619               	.LSM106:
 620 003e FC01      		movw r30,r24
 621 0040 3191      		ld r19,Z+
 622 0042 3093 F100 		sts 241,r19
 623               	.LSM107:
 624 0046 DC01      		movw r26,r24
 625 0048 1196      		adiw r26,1
 626 004a 8C91      		ld r24,X
 627               	.LVL74:
 628 004c 8093 F100 		sts 241,r24
 629 0050 DF01      		movw r26,r30
 630 0052 1196      		adiw r26,1
 631               	.LVL75:
 632               	.LSM108:
 633 0054 8181      		ldd r24,Z+1
 634 0056 8093 F100 		sts 241,r24
 635 005a FD01      		movw r30,r26
 636 005c 3196      		adiw r30,1
 637               	.LVL76:
 638               	.LSM109:
 639 005e 1196      		adiw r26,1
 640 0060 8C91      		ld r24,X
 641 0062 8093 F100 		sts 241,r24
 642 0066 DF01      		movw r26,r30
 643 0068 1196      		adiw r26,1
 644               	.LVL77:
 645               	.LSM110:
 646 006a 8181      		ldd r24,Z+1
 647 006c 8093 F100 		sts 241,r24
 648 0070 FD01      		movw r30,r26
 649 0072 3196      		adiw r30,1
 650               	.LVL78:
 651               	.LSM111:
 652 0074 1196      		adiw r26,1
 653 0076 8C91      		ld r24,X
 654 0078 8093 F100 		sts 241,r24
 655 007c DF01      		movw r26,r30
 656 007e 1196      		adiw r26,1
 657               	.LVL79:
 658               	.LSM112:
 659 0080 8181      		ldd r24,Z+1
 660 0082 8093 F100 		sts 241,r24
 661 0086 FD01      		movw r30,r26
 662 0088 3196      		adiw r30,1
 663               	.LVL80:
 664               	.LSM113:
 665 008a 1196      		adiw r26,1
 666 008c 8C91      		ld r24,X
 667 008e 8093 F100 		sts 241,r24
 668 0092 DF01      		movw r26,r30
 669 0094 1196      		adiw r26,1
 670               	.LVL81:
 671               	.LSM114:
 672 0096 8181      		ldd r24,Z+1
 673 0098 8093 F100 		sts 241,r24
 674 009c FD01      		movw r30,r26
 675 009e 3196      		adiw r30,1
 676               	.LVL82:
 677               	.LSM115:
 678 00a0 1196      		adiw r26,1
 679 00a2 8C91      		ld r24,X
 680 00a4 8093 F100 		sts 241,r24
 681 00a8 DF01      		movw r26,r30
 682 00aa 1196      		adiw r26,1
 683               	.LVL83:
 684               	.LSM116:
 685 00ac 8181      		ldd r24,Z+1
 686 00ae 8093 F100 		sts 241,r24
 687 00b2 FD01      		movw r30,r26
 688 00b4 3196      		adiw r30,1
 689               	.LVL84:
 690               	.LSM117:
 691 00b6 1196      		adiw r26,1
 692 00b8 8C91      		ld r24,X
 693 00ba 8093 F100 		sts 241,r24
 694 00be DF01      		movw r26,r30
 695 00c0 1196      		adiw r26,1
 696               	.LVL85:
 697               	.LSM118:
 698 00c2 8181      		ldd r24,Z+1
 699 00c4 8093 F100 		sts 241,r24
 700 00c8 FD01      		movw r30,r26
 701 00ca 3196      		adiw r30,1
 702               	.LVL86:
 703               	.LSM119:
 704 00cc 1196      		adiw r26,1
 705 00ce 8C91      		ld r24,X
 706 00d0 8093 F100 		sts 241,r24
 707 00d4 DF01      		movw r26,r30
 708 00d6 1196      		adiw r26,1
 709               	.LVL87:
 710               	.LSM120:
 711 00d8 8181      		ldd r24,Z+1
 712 00da 8093 F100 		sts 241,r24
 713 00de FD01      		movw r30,r26
 714 00e0 3196      		adiw r30,1
 715               	.LVL88:
 716               	.LSM121:
 717 00e2 1196      		adiw r26,1
 718 00e4 8C91      		ld r24,X
 719 00e6 8093 F100 		sts 241,r24
 720 00ea DF01      		movw r26,r30
 721 00ec 1196      		adiw r26,1
 722               	.LVL89:
 723               	.LSM122:
 724 00ee 8181      		ldd r24,Z+1
 725 00f0 8093 F100 		sts 241,r24
 726 00f4 FD01      		movw r30,r26
 727 00f6 3196      		adiw r30,1
 728               	.LVL90:
 729               	.LSM123:
 730 00f8 1196      		adiw r26,1
 731 00fa 8C91      		ld r24,X
 732 00fc 8093 F100 		sts 241,r24
 733 0100 DF01      		movw r26,r30
 734 0102 1196      		adiw r26,1
 735               	.LVL91:
 736               	.LSM124:
 737 0104 8181      		ldd r24,Z+1
 738 0106 8093 F100 		sts 241,r24
 739 010a FD01      		movw r30,r26
 740 010c 3196      		adiw r30,1
 741               	.LVL92:
 742               	.LSM125:
 743 010e 1196      		adiw r26,1
 744 0110 8C91      		ld r24,X
 745 0112 8093 F100 		sts 241,r24
 746 0116 DF01      		movw r26,r30
 747 0118 1196      		adiw r26,1
 748               	.LVL93:
 749               	.LSM126:
 750 011a 8181      		ldd r24,Z+1
 751 011c 8093 F100 		sts 241,r24
 752 0120 FD01      		movw r30,r26
 753 0122 3196      		adiw r30,1
 754               	.LVL94:
 755               	.LSM127:
 756 0124 1196      		adiw r26,1
 757 0126 8C91      		ld r24,X
 758 0128 8093 F100 		sts 241,r24
 759 012c DF01      		movw r26,r30
 760 012e 1196      		adiw r26,1
 761               	.LVL95:
 762               	.LSM128:
 763 0130 8181      		ldd r24,Z+1
 764 0132 8093 F100 		sts 241,r24
 765 0136 FD01      		movw r30,r26
 766 0138 3196      		adiw r30,1
 767               	.LVL96:
 768               	.LSM129:
 769 013a 1196      		adiw r26,1
 770 013c 8C91      		ld r24,X
 771 013e 8093 F100 		sts 241,r24
 772 0142 DF01      		movw r26,r30
 773 0144 1196      		adiw r26,1
 774               	.LVL97:
 775               	.LSM130:
 776 0146 8181      		ldd r24,Z+1
 777 0148 8093 F100 		sts 241,r24
 778 014c FD01      		movw r30,r26
 779 014e 3196      		adiw r30,1
 780               	.LVL98:
 781               	.LSM131:
 782 0150 1196      		adiw r26,1
 783 0152 8C91      		ld r24,X
 784 0154 8093 F100 		sts 241,r24
 785 0158 DF01      		movw r26,r30
 786 015a 1196      		adiw r26,1
 787               	.LVL99:
 788               	.LSM132:
 789 015c 8181      		ldd r24,Z+1
 790 015e 8093 F100 		sts 241,r24
 791 0162 FD01      		movw r30,r26
 792 0164 3196      		adiw r30,1
 793               	.LVL100:
 794               	.LSM133:
 795 0166 1196      		adiw r26,1
 796 0168 8C91      		ld r24,X
 797 016a 8093 F100 		sts 241,r24
 798 016e DF01      		movw r26,r30
 799 0170 1196      		adiw r26,1
 800               	.LVL101:
 801               	.LSM134:
 802 0172 8181      		ldd r24,Z+1
 803 0174 8093 F100 		sts 241,r24
 804 0178 FD01      		movw r30,r26
 805 017a 3196      		adiw r30,1
 806               	.LVL102:
 807               	.LSM135:
 808 017c 1196      		adiw r26,1
 809 017e 8C91      		ld r24,X
 810 0180 8093 F100 		sts 241,r24
 811 0184 DF01      		movw r26,r30
 812 0186 1196      		adiw r26,1
 813               	.LVL103:
 814               	.LSM136:
 815 0188 8181      		ldd r24,Z+1
 816 018a 8093 F100 		sts 241,r24
 817 018e FD01      		movw r30,r26
 818 0190 3196      		adiw r30,1
 819               	.LVL104:
 820               	.LSM137:
 821 0192 1196      		adiw r26,1
 822 0194 8C91      		ld r24,X
 823 0196 8093 F100 		sts 241,r24
 824 019a DF01      		movw r26,r30
 825 019c 1196      		adiw r26,1
 826               	.LVL105:
 827               	.LSM138:
 828 019e 8181      		ldd r24,Z+1
 829 01a0 8093 F100 		sts 241,r24
 830 01a4 FD01      		movw r30,r26
 831 01a6 3196      		adiw r30,1
 832               	.LVL106:
 833               	.LSM139:
 834 01a8 1196      		adiw r26,1
 835 01aa 8C91      		ld r24,X
 836 01ac 8093 F100 		sts 241,r24
 837 01b0 DF01      		movw r26,r30
 838 01b2 1196      		adiw r26,1
 839               	.LVL107:
 840               	.LSM140:
 841 01b4 8181      		ldd r24,Z+1
 842 01b6 8093 F100 		sts 241,r24
 843 01ba FD01      		movw r30,r26
 844 01bc 3196      		adiw r30,1
 845               	.LVL108:
 846               	.LSM141:
 847 01be 1196      		adiw r26,1
 848 01c0 8C91      		ld r24,X
 849 01c2 8093 F100 		sts 241,r24
 850 01c6 DF01      		movw r26,r30
 851 01c8 1196      		adiw r26,1
 852               	.LVL109:
 853               	.LSM142:
 854 01ca 8181      		ldd r24,Z+1
 855 01cc 8093 F100 		sts 241,r24
 856 01d0 FD01      		movw r30,r26
 857 01d2 3196      		adiw r30,1
 858               	.LVL110:
 859               	.LSM143:
 860 01d4 1196      		adiw r26,1
 861 01d6 8C91      		ld r24,X
 862 01d8 8093 F100 		sts 241,r24
 863 01dc DF01      		movw r26,r30
 864 01de 1196      		adiw r26,1
 865               	.LVL111:
 866               	.LSM144:
 867 01e0 8181      		ldd r24,Z+1
 868 01e2 8093 F100 		sts 241,r24
 869 01e6 FD01      		movw r30,r26
 870 01e8 3196      		adiw r30,1
 871               	.LVL112:
 872               	.LSM145:
 873 01ea 1196      		adiw r26,1
 874 01ec 8C91      		ld r24,X
 875 01ee 8093 F100 		sts 241,r24
 876 01f2 DF01      		movw r26,r30
 877 01f4 1196      		adiw r26,1
 878               	.LVL113:
 879               	.LSM146:
 880 01f6 8181      		ldd r24,Z+1
 881 01f8 8093 F100 		sts 241,r24
 882 01fc FD01      		movw r30,r26
 883 01fe 3196      		adiw r30,1
 884               	.LVL114:
 885               	.LSM147:
 886 0200 1196      		adiw r26,1
 887 0202 8C91      		ld r24,X
 888 0204 8093 F100 		sts 241,r24
 889 0208 DF01      		movw r26,r30
 890 020a 1196      		adiw r26,1
 891               	.LVL115:
 892               	.LSM148:
 893 020c 8181      		ldd r24,Z+1
 894 020e 8093 F100 		sts 241,r24
 895 0212 FD01      		movw r30,r26
 896 0214 3196      		adiw r30,1
 897               	.LVL116:
 898               	.LSM149:
 899 0216 1196      		adiw r26,1
 900 0218 8C91      		ld r24,X
 901 021a 8093 F100 		sts 241,r24
 902 021e DF01      		movw r26,r30
 903 0220 1196      		adiw r26,1
 904               	.LVL117:
 905               	.LSM150:
 906 0222 8181      		ldd r24,Z+1
 907 0224 8093 F100 		sts 241,r24
 908 0228 FD01      		movw r30,r26
 909 022a 3196      		adiw r30,1
 910               	.LVL118:
 911               	.LSM151:
 912 022c 1196      		adiw r26,1
 913 022e 8C91      		ld r24,X
 914 0230 8093 F100 		sts 241,r24
 915 0234 DF01      		movw r26,r30
 916 0236 1196      		adiw r26,1
 917               	.LVL119:
 918               	.LSM152:
 919 0238 8181      		ldd r24,Z+1
 920 023a 8093 F100 		sts 241,r24
 921 023e FD01      		movw r30,r26
 922 0240 3196      		adiw r30,1
 923               	.LVL120:
 924               	.LSM153:
 925 0242 1196      		adiw r26,1
 926 0244 8C91      		ld r24,X
 927 0246 8093 F100 		sts 241,r24
 928 024a DF01      		movw r26,r30
 929 024c 1196      		adiw r26,1
 930               	.LVL121:
 931               	.LSM154:
 932 024e 8181      		ldd r24,Z+1
 933 0250 8093 F100 		sts 241,r24
 934 0254 FD01      		movw r30,r26
 935 0256 3196      		adiw r30,1
 936               	.LVL122:
 937               	.LSM155:
 938 0258 1196      		adiw r26,1
 939 025a 8C91      		ld r24,X
 940 025c 8093 F100 		sts 241,r24
 941 0260 DF01      		movw r26,r30
 942 0262 1196      		adiw r26,1
 943               	.LVL123:
 944               	.LSM156:
 945 0264 8181      		ldd r24,Z+1
 946 0266 8093 F100 		sts 241,r24
 947 026a FD01      		movw r30,r26
 948 026c 3196      		adiw r30,1
 949               	.LVL124:
 950               	.LSM157:
 951 026e 1196      		adiw r26,1
 952 0270 8C91      		ld r24,X
 953 0272 8093 F100 		sts 241,r24
 954 0276 DF01      		movw r26,r30
 955 0278 1196      		adiw r26,1
 956               	.LVL125:
 957               	.LSM158:
 958 027a 8181      		ldd r24,Z+1
 959 027c 8093 F100 		sts 241,r24
 960 0280 FD01      		movw r30,r26
 961 0282 3196      		adiw r30,1
 962               	.LVL126:
 963               	.LSM159:
 964 0284 1196      		adiw r26,1
 965 0286 8C91      		ld r24,X
 966 0288 8093 F100 		sts 241,r24
 967 028c DF01      		movw r26,r30
 968 028e 1196      		adiw r26,1
 969               	.LVL127:
 970               	.LSM160:
 971 0290 8181      		ldd r24,Z+1
 972 0292 8093 F100 		sts 241,r24
 973 0296 FD01      		movw r30,r26
 974 0298 3196      		adiw r30,1
 975               	.LVL128:
 976               	.LSM161:
 977 029a 1196      		adiw r26,1
 978 029c 8C91      		ld r24,X
 979 029e 8093 F100 		sts 241,r24
 980 02a2 DF01      		movw r26,r30
 981 02a4 1196      		adiw r26,1
 982               	.LVL129:
 983               	.LSM162:
 984 02a6 8181      		ldd r24,Z+1
 985 02a8 8093 F100 		sts 241,r24
 986 02ac FD01      		movw r30,r26
 987 02ae 3196      		adiw r30,1
 988               	.LVL130:
 989               	.LSM163:
 990 02b0 1196      		adiw r26,1
 991 02b2 8C91      		ld r24,X
 992 02b4 8093 F100 		sts 241,r24
 993 02b8 DF01      		movw r26,r30
 994 02ba 1196      		adiw r26,1
 995               	.LVL131:
 996               	.LSM164:
 997 02bc 8181      		ldd r24,Z+1
 998 02be 8093 F100 		sts 241,r24
 999 02c2 FD01      		movw r30,r26
 1000 02c4 3196      		adiw r30,1
 1001               	.LVL132:
 1002               	.LSM165:
 1003 02c6 1196      		adiw r26,1
 1004 02c8 8C91      		ld r24,X
 1005 02ca 8093 F100 		sts 241,r24
 1006 02ce DF01      		movw r26,r30
 1007 02d0 1196      		adiw r26,1
 1008               	.LVL133:
 1009               	.LSM166:
 1010 02d2 8181      		ldd r24,Z+1
 1011 02d4 8093 F100 		sts 241,r24
 1012 02d8 FD01      		movw r30,r26
 1013 02da 3196      		adiw r30,1
 1014               	.LVL134:
 1015               	.LSM167:
 1016 02dc 1196      		adiw r26,1
 1017 02de 8C91      		ld r24,X
 1018 02e0 1197      		sbiw r26,1
 1019 02e2 8093 F100 		sts 241,r24
 1020               	.LSM168:
 1021 02e6 8181      		ldd r24,Z+1
 1022 02e8 8093 F100 		sts 241,r24
 1023               	.LSM169:
 1024 02ec 8281      		ldd r24,Z+2
 1025 02ee 8093 F100 		sts 241,r24
 1026               	.LSM170:
 1027 02f2 8AE3      		ldi r24,lo8(58)
 1028 02f4 8093 E800 		sts 232,r24
 1029               	.LSM171:
 1030 02f8 2FBF      		out __SREG__,r18
 1031 02fa 80E4      		ldi r24,lo8(64)
 1032               	.LSM172:
 1033 02fc 0895      		ret
 1034               	.LVL135:
 1035               	.L17:
 1036 02fe 8FEF      		ldi r24,lo8(-1)
 1037               	.LVL136:
 1038               	.LSM173:
 1039 0300 0895      		ret
 1040               	.LFE3:
 1042               		.section	.text.__vector_10,"ax",@progbits
 1043               	.global	__vector_10
 1045               	__vector_10:
 1046               	.LFB4:
 1047               	.LSM174:
 1048 0000 1F92      		push __zero_reg__
 1049 0002 0F92      		push r0
 1050 0004 0FB6      		in r0,__SREG__
 1051 0006 0F92      		push r0
 1052 0008 1124      		clr __zero_reg__
 1053 000a 8F93      		push r24
 1054 000c 9F93      		push r25
 1055               	/* prologue: Signal */
 1056               	/* frame size = 0 */
 1057               	.LSM175:
 1058 000e 8091 E100 		lds r24,225
 1059               	.LVL137:
 1060               	.LSM176:
 1061 0012 1092 E100 		sts 225,__zero_reg__
 1062               	.LSM177:
 1063 0016 83FF      		sbrs r24,3
 1064 0018 00C0      		rjmp .L25
 1065               	.LVL138:
 1066               	.LSM178:
 1067 001a 1092 E900 		sts 233,__zero_reg__
 1068               	.LSM179:
 1069 001e 91E0      		ldi r25,lo8(1)
 1070 0020 9093 EB00 		sts 235,r25
 1071               	.LSM180:
 1072 0024 1092 EC00 		sts 236,__zero_reg__
 1073               	.LSM181:
 1074 0028 92E2      		ldi r25,lo8(34)
 1075 002a 9093 ED00 		sts 237,r25
 1076               	.LSM182:
 1077 002e 98E0      		ldi r25,lo8(8)
 1078 0030 9093 F000 		sts 240,r25
 1079               	.LSM183:
 1080 0034 1092 0000 		sts usb_configuration,__zero_reg__
 1081               	.L25:
 1082               	.LSM184:
 1083 0038 82FF      		sbrs r24,2
 1084 003a 00C0      		rjmp .L28
 1085 003c 8091 0000 		lds r24,usb_configuration
 1086 0040 8823      		tst r24
 1087 0042 01F0      		breq .L28
 1088               	.LSM185:
 1089 0044 8091 0000 		lds r24,rx_timeout_count
 1090               	.LVL139:
 1091               	.LSM186:
 1092 0048 8823      		tst r24
 1093 004a 01F0      		breq .L27
 1094 004c 8150      		subi r24,lo8(-(-1))
 1095               	.LVL140:
 1096 004e 8093 0000 		sts rx_timeout_count,r24
 1097               	.L27:
 1098               	.LSM187:
 1099 0052 8091 0000 		lds r24,tx_timeout_count
 1100               	.LVL141:
 1101               	.LSM188:
 1102 0056 8823      		tst r24
 1103 0058 01F0      		breq .L28
 1104 005a 8150      		subi r24,lo8(-(-1))
 1105               	.LVL142:
 1106 005c 8093 0000 		sts tx_timeout_count,r24
 1107               	.L28:
 1108               	/* epilogue start */
 1109               	.LSM189:
 1110 0060 9F91      		pop r25
 1111 0062 8F91      		pop r24
 1112               	.LVL143:
 1113 0064 0F90      		pop r0
 1114 0066 0FBE      		out __SREG__,r0
 1115 0068 0F90      		pop r0
 1116 006a 1F90      		pop __zero_reg__
 1117 006c 1895      		reti
 1118               	.LFE4:
 1120               		.section	.text.__vector_11,"ax",@progbits
 1121               	.global	__vector_11
 1123               	__vector_11:
 1124               	.LFB9:
 1125               	.LSM190:
 1126 0000 1F92      		push __zero_reg__
 1127 0002 0F92      		push r0
 1128 0004 0FB6      		in r0,__SREG__
 1129 0006 0F92      		push r0
 1130 0008 1124      		clr __zero_reg__
 1131 000a 1F93      		push r17
 1132 000c 2F93      		push r18
 1133 000e 3F93      		push r19
 1134 0010 4F93      		push r20
 1135 0012 5F93      		push r21
 1136 0014 6F93      		push r22
 1137 0016 7F93      		push r23
 1138 0018 8F93      		push r24
 1139 001a 9F93      		push r25
 1140 001c AF93      		push r26
 1141 001e BF93      		push r27
 1142 0020 CF93      		push r28
 1143 0022 DF93      		push r29
 1144 0024 EF93      		push r30
 1145 0026 FF93      		push r31
 1146               	/* prologue: Signal */
 1147               	/* frame size = 0 */
 1148               	.LSM191:
 1149 0028 1092 E900 		sts 233,__zero_reg__
 1150               	.LSM192:
 1151 002c 8091 E800 		lds r24,232
 1152               	.LVL144:
 1153               	.LSM193:
 1154 0030 83FF      		sbrs r24,3
 1155 0032 00C0      		rjmp .L30
 1156               	.LSM194:
 1157 0034 9091 F100 		lds r25,241
 1158               	.LVL145:
 1159               	.LSM195:
 1160 0038 8091 F100 		lds r24,241
 1161               	.LVL146:
 1162               	.LSM196:
 1163 003c 4091 F100 		lds r20,241
 1164 0040 50E0      		ldi r21,lo8(0)
 1165               	.LVL147:
 1166               	.LSM197:
 1167 0042 6091 F100 		lds r22,241
 1168 0046 362F      		mov r19,r22
 1169 0048 20E0      		ldi r18,lo8(0)
 1170 004a 422B      		or r20,r18
 1171 004c 532B      		or r21,r19
 1172               	.LVL148:
 1173               	.LSM198:
 1174 004e 2091 F100 		lds r18,241
 1175 0052 30E0      		ldi r19,lo8(0)
 1176               	.LVL149:
 1177               	.LSM199:
 1178 0054 E091 F100 		lds r30,241
 1179 0058 7E2F      		mov r23,r30
 1180 005a 60E0      		ldi r22,lo8(0)
 1181 005c 262B      		or r18,r22
 1182 005e 372B      		or r19,r23
 1183               	.LVL150:
 1184               	.LSM200:
 1185 0060 B091 F100 		lds r27,241
 1186               	.LSM201:
 1187 0064 A091 F100 		lds r26,241
 1188               	.LSM202:
 1189 0068 62EF      		ldi r22,lo8(-14)
 1190 006a 6093 E800 		sts 232,r22
 1191               	.LSM203:
 1192 006e 8630      		cpi r24,lo8(6)
 1193 0070 01F0      		breq .+2
 1194 0072 00C0      		rjmp .L31
 1195 0074 60E0      		ldi r22,lo8(descriptor_list+7)
 1196 0076 70E0      		ldi r23,hi8(descriptor_list+7)
 1197 0078 CB01      		movw r24,r22
 1198               	.LVL151:
 1199 007a 0597      		sbiw r24,5
 1200               	.LVL152:
 1201               	.L32:
 1202               	.LSM204:
 1203 007c FB01      		movw r30,r22
 1204               	.LVL153:
 1205 007e 3797      		sbiw r30,7
 1206               	.LBB38:
 1207               	.LSM205:
 1208               	/* #APP */
 1209               	 ;  808 "usb_rawhid.c" 1
 1210 0080 C591      		lpm r28, Z+
 1211 0082 D491      		lpm r29, Z
 1212               		
 1213               	 ;  0 "" 2
 1214               	.LVL154:
 1215               	/* #NOAPP */
 1216               	.LBE38:
 1217               	.LSM206:
 1218 0084 C417      		cp r28,r20
 1219 0086 D507      		cpc r29,r21
 1220 0088 01F4      		brne .L34
 1221               	.LBB39:
 1222               	.LSM207:
 1223 008a FC01      		movw r30,r24
 1224               	.LVL155:
 1225               	/* #APP */
 1226               	 ;  814 "usb_rawhid.c" 1
 1227 008c C591      		lpm r28, Z+
 1228 008e D491      		lpm r29, Z
 1229               		
 1230               	 ;  0 "" 2
 1231               	.LVL156:
 1232               	/* #NOAPP */
 1233               	.LBE39:
 1234               	.LSM208:
 1235 0090 C217      		cp r28,r18
 1236 0092 D307      		cpc r29,r19
 1237 0094 01F4      		brne .L34
 1238               	.LSM209:
 1239 0096 0296      		adiw r24,2
 1240               	.LVL157:
 1241               	.LSM210:
 1242 0098 FC01      		movw r30,r24
 1243               	.LVL158:
 1244               	/* #APP */
 1245               	 ;  820 "usb_rawhid.c" 1
 1246 009a 4591      		lpm r20, Z+
 1247 009c 5491      		lpm r21, Z
 1248               		
 1249               	 ;  0 "" 2
 1250               	.LVL159:
 1251               	/* #NOAPP */
 1252               	.LBB40:
 1253               	.LSM211:
 1254 009e 0296      		adiw r24,2
 1255               	.LVL160:
 1256 00a0 FC01      		movw r30,r24
 1257               	.LVL161:
 1258               	/* #APP */
 1259               	 ;  822 "usb_rawhid.c" 1
 1260 00a2 8491      		lpm r24, Z
 1261               		
 1262               	 ;  0 "" 2
 1263               	.LVL162:
 1264               	/* #NOAPP */
 1265               	.LBE40:
 1266               	.LSM212:
 1267 00a4 2B2F      		mov r18,r27
 1268               	.LVL163:
 1269 00a6 30E0      		ldi r19,lo8(0)
 1270               	.LVL164:
 1271               	.LSM213:
 1272 00a8 7A2F      		mov r23,r26
 1273 00aa 60E0      		ldi r22,lo8(0)
 1274 00ac 262B      		or r18,r22
 1275 00ae 372B      		or r19,r23
 1276 00b0 2F3F      		cpi r18,255
 1277 00b2 3105      		cpc r19,__zero_reg__
 1278 00b4 01F0      		breq .L35
 1279 00b6 00F0      		brlo .L35
 1280 00b8 2FEF      		ldi r18,lo8(255)
 1281 00ba 30E0      		ldi r19,hi8(255)
 1282               	.L35:
 1283 00bc 2817      		cp r18,r24
 1284               	.LVL165:
 1285 00be 00F4      		brsh .L69
 1286 00c0 822F      		mov r24,r18
 1287               	.LVL166:
 1288 00c2 00C0      		rjmp .L69
 1289               	.LVL167:
 1290               	.L34:
 1291 00c4 695F      		subi r22,lo8(-(7))
 1292 00c6 7F4F      		sbci r23,hi8(-(7))
 1293 00c8 0796      		adiw r24,7
 1294               	.LSM214:
 1295 00ca F0E0      		ldi r31,hi8(descriptor_list+56)
 1296 00cc 6030      		cpi r22,lo8(descriptor_list+56)
 1297 00ce 7F07      		cpc r23,r31
 1298 00d0 01F4      		brne .L32
 1299 00d2 00C0      		rjmp .L30
 1300               	.LVL168:
 1301               	.L69:
 1302               	.LBB41:
 1303               	.LBB42:
 1304               	.LSM215:
 1305 00d4 1EEF      		ldi r17,lo8(-2)
 1306               	.LVL169:
 1307               	.L81:
 1308               	.LBE42:
 1309               	.LBE41:
 1310               	.LSM216:
 1311 00d6 2091 E800 		lds r18,232
 1312               	.LVL170:
 1313               	.LSM217:
 1314 00da 30E0      		ldi r19,lo8(0)
 1315               	.LVL171:
 1316 00dc B901      		movw r22,r18
 1317               	.LVL172:
 1318 00de 6570      		andi r22,lo8(5)
 1319 00e0 7070      		andi r23,hi8(5)
 1320 00e2 6115      		cp r22,__zero_reg__
 1321 00e4 7105      		cpc r23,__zero_reg__
 1322 00e6 01F0      		breq .L81
 1323               	.LSM218:
 1324 00e8 22FD      		sbrc r18,2
 1325 00ea 00C0      		rjmp .L64
 1326               	.LSM219:
 1327 00ec 982F      		mov r25,r24
 1328               	.LVL173:
 1329 00ee 8132      		cpi r24,lo8(33)
 1330 00f0 00F0      		brlo .L39
 1331 00f2 90E2      		ldi r25,lo8(32)
 1332               	.L39:
 1333 00f4 BA01      		movw r22,r20
 1334 00f6 292F      		mov r18,r25
 1335               	.LVL174:
 1336               	.LSM220:
 1337 00f8 00C0      		rjmp .L40
 1338               	.LVL175:
 1339               	.L41:
 1340 00fa DB01      		movw r26,r22
 1341               	.LBB44:
 1342               	.LSM221:
 1343 00fc 6F5F      		subi r22,lo8(-(1))
 1344 00fe 7F4F      		sbci r23,hi8(-(1))
 1345 0100 FD01      		movw r30,r26
 1346               	/* #APP */
 1347               	 ;  836 "usb_rawhid.c" 1
 1348 0102 3491      		lpm r19, Z
 1349               		
 1350               	 ;  0 "" 2
 1351               	/* #NOAPP */
 1352               	.LBE44:
 1353 0104 3093 F100 		sts 241,r19
 1354               	.LSM222:
 1355 0108 2150      		subi r18,lo8(-(-1))
 1356               	.LVL176:
 1357               	.L40:
 1358 010a 2223      		tst r18
 1359 010c 01F4      		brne .L41
 1360 010e 490F      		add r20,r25
 1361 0110 511D      		adc r21,__zero_reg__
 1362               	.LVL177:
 1363               	.LSM223:
 1364 0112 891B      		sub r24,r25
 1365               	.LVL178:
 1366               	.LBB45:
 1367               	.LBB43:
 1368               	.LSM224:
 1369 0114 1093 E800 		sts 232,r17
 1370               	.LBE43:
 1371               	.LBE45:
 1372               	.LSM225:
 1373 0118 8823      		tst r24
 1374 011a 01F4      		brne .L81
 1375 011c 9032      		cpi r25,lo8(32)
 1376 011e 01F0      		breq .L81
 1377 0120 00C0      		rjmp .L64
 1378               	.LVL179:
 1379               	.L31:
 1380               	.LSM226:
 1381 0122 8530      		cpi r24,lo8(5)
 1382 0124 01F4      		brne .L42
 1383               	.LBB46:
 1384               	.LBB47:
 1385               	.LSM227:
 1386 0126 8EEF      		ldi r24,lo8(-2)
 1387               	.LVL180:
 1388 0128 8093 E800 		sts 232,r24
 1389               	.L43:
 1390               	.LBE47:
 1391               	.LBE46:
 1392               	.LBB48:
 1393               	.LBB49:
 1394               	.LSM228:
 1395 012c 8091 E800 		lds r24,232
 1396 0130 80FF      		sbrs r24,0
 1397 0132 00C0      		rjmp .L43
 1398               	.LBE49:
 1399               	.LBE48:
 1400               	.LSM229:
 1401 0134 4068      		ori r20,lo8(-128)
 1402               	.LVL181:
 1403 0136 4093 E300 		sts 227,r20
 1404               	.LSM230:
 1405 013a 00C0      		rjmp .L64
 1406               	.LVL182:
 1407               	.L42:
 1408               	.LSM231:
 1409 013c 8930      		cpi r24,lo8(9)
 1410 013e 01F4      		brne .L44
 1411 0140 9923      		tst r25
 1412 0142 01F0      		breq .+2
 1413 0144 00C0      		rjmp .L54
 1414               	.LSM232:
 1415 0146 4093 0000 		sts usb_configuration,r20
 1416               	.LBB50:
 1417               	.LBB51:
 1418               	.LSM233:
 1419 014a 8EEF      		ldi r24,lo8(-2)
 1420               	.LVL183:
 1421 014c 8093 E800 		sts 232,r24
 1422 0150 81E0      		ldi r24,lo8(1)
 1423               	.LVL184:
 1424 0152 40E0      		ldi r20,lo8(endpoint_config_table)
 1425 0154 50E0      		ldi r21,hi8(endpoint_config_table)
 1426               	.LVL185:
 1427               	.L47:
 1428               	.LBE51:
 1429               	.LBE50:
 1430               	.LSM234:
 1431 0156 8093 E900 		sts 233,r24
 1432               	.LBB52:
 1433               	.LSM235:
 1434 015a 9A01      		movw r18,r20
 1435               	.LVL186:
 1436 015c 4F5F      		subi r20,lo8(-(1))
 1437 015e 5F4F      		sbci r21,hi8(-(1))
 1438 0160 F901      		movw r30,r18
 1439               	/* #APP */
 1440               	 ;  855 "usb_rawhid.c" 1
 1441 0162 9491      		lpm r25, Z
 1442               		
 1443               	 ;  0 "" 2
 1444               	.LVL187:
 1445               	/* #NOAPP */
 1446               	.LBE52:
 1447               	.LSM236:
 1448 0164 9093 EB00 		sts 235,r25
 1449               	.LSM237:
 1450 0168 9923      		tst r25
 1451 016a 01F0      		breq .L46
 1452               	.LBB53:
 1453               	.LSM238:
 1454 016c 9A01      		movw r18,r20
 1455               	.LVL188:
 1456 016e 2F5F      		subi r18,lo8(-(1))
 1457 0170 3F4F      		sbci r19,hi8(-(1))
 1458               	.LVL189:
 1459 0172 FA01      		movw r30,r20
 1460               	/* #APP */
 1461               	 ;  858 "usb_rawhid.c" 1
 1462 0174 4491      		lpm r20, Z
 1463               		
 1464               	 ;  0 "" 2
 1465               	.LVL190:
 1466               	/* #NOAPP */
 1467               	.LBE53:
 1468 0176 4093 EC00 		sts 236,r20
 1469               	.LBB54:
 1470               	.LSM239:
 1471 017a A901      		movw r20,r18
 1472               	.LVL191:
 1473 017c 4F5F      		subi r20,lo8(-(1))
 1474 017e 5F4F      		sbci r21,hi8(-(1))
 1475               	.LVL192:
 1476 0180 F901      		movw r30,r18
 1477               	/* #APP */
 1478               	 ;  859 "usb_rawhid.c" 1
 1479 0182 2491      		lpm r18, Z
 1480               		
 1481               	 ;  0 "" 2
 1482               	.LVL193:
 1483               	/* #NOAPP */
 1484               	.LBE54:
 1485 0184 2093 ED00 		sts 237,r18
 1486               	.LVL194:
 1487               	.L46:
 1488               	.LSM240:
 1489 0188 8F5F      		subi r24,lo8(-(1))
 1490 018a 8530      		cpi r24,lo8(5)
 1491 018c 01F4      		brne .L47
 1492               	.LSM241:
 1493 018e 8EE1      		ldi r24,lo8(30)
 1494               	.LVL195:
 1495 0190 00C0      		rjmp .L84
 1496               	.LVL196:
 1497               	.L44:
 1498               	.LSM242:
 1499 0192 8830      		cpi r24,lo8(8)
 1500 0194 01F4      		brne .L48
 1501 0196 9038      		cpi r25,lo8(-128)
 1502 0198 01F0      		breq .+2
 1503 019a 00C0      		rjmp .L54
 1504               	.L71:
 1505               	.LBB55:
 1506               	.LBB56:
 1507               	.LSM243:
 1508 019c 8091 E800 		lds r24,232
 1509               	.LVL197:
 1510 01a0 80FF      		sbrs r24,0
 1511 01a2 00C0      		rjmp .L71
 1512               	.LBE56:
 1513               	.LBE55:
 1514               	.LSM244:
 1515 01a4 8091 0000 		lds r24,usb_configuration
 1516 01a8 8093 F100 		sts 241,r24
 1517 01ac 00C0      		rjmp .L85
 1518               	.LVL198:
 1519               	.L48:
 1520               	.LSM245:
 1521 01ae 8823      		tst r24
 1522 01b0 01F4      		brne .L45
 1523               	.L72:
 1524               	.LBB57:
 1525               	.LBB58:
 1526               	.LSM246:
 1527 01b2 8091 E800 		lds r24,232
 1528               	.LVL199:
 1529 01b6 80FF      		sbrs r24,0
 1530 01b8 00C0      		rjmp .L72
 1531               	.LBE58:
 1532               	.LBE57:
 1533               	.LSM247:
 1534 01ba 9238      		cpi r25,lo8(-126)
 1535 01bc 01F0      		breq .L51
 1536 01be 80E0      		ldi r24,lo8(0)
 1537               	.LVL200:
 1538 01c0 00C0      		rjmp .L52
 1539               	.LVL201:
 1540               	.L51:
 1541               	.LSM248:
 1542 01c2 2093 E900 		sts 233,r18
 1543               	.LSM249:
 1544 01c6 8091 EB00 		lds r24,235
 1545 01ca 90E0      		ldi r25,lo8(0)
 1546               	.LVL202:
 1547 01cc 25E0      		ldi r18,5
 1548 01ce 9695      	1:	lsr r25
 1549 01d0 8795      		ror r24
 1550 01d2 2A95      		dec r18
 1551 01d4 01F4      		brne 1b
 1552               	.LVL203:
 1553 01d6 8170      		andi r24,lo8(1)
 1554               	.LVL204:
 1555               	.LSM250:
 1556 01d8 1092 E900 		sts 233,__zero_reg__
 1557               	.LVL205:
 1558               	.L52:
 1559               	.LSM251:
 1560 01dc 8093 F100 		sts 241,r24
 1561               	.LSM252:
 1562 01e0 1092 F100 		sts 241,__zero_reg__
 1563 01e4 00C0      		rjmp .L85
 1564               	.LVL206:
 1565               	.L45:
 1566               	.LSM253:
 1567 01e6 8130      		cpi r24,lo8(1)
 1568 01e8 01F0      		breq .L53
 1569 01ea 8330      		cpi r24,lo8(3)
 1570 01ec 01F4      		brne .L54
 1571               	.L53:
 1572 01ee 9230      		cpi r25,lo8(2)
 1573 01f0 01F4      		brne .L54
 1574 01f2 4115      		cp r20,__zero_reg__
 1575 01f4 5105      		cpc r21,__zero_reg__
 1576 01f6 01F4      		brne .L54
 1577               	.LSM254:
 1578 01f8 422F      		mov r20,r18
 1579               	.LVL207:
 1580 01fa 4F77      		andi r20,lo8(127)
 1581               	.LSM255:
 1582 01fc 542F      		mov r21,r20
 1583               	.LVL208:
 1584 01fe 5150      		subi r21,lo8(-(-1))
 1585 0200 5430      		cpi r21,lo8(4)
 1586 0202 00F4      		brsh .L54
 1587               	.LBB59:
 1588               	.LBB60:
 1589               	.LSM256:
 1590 0204 9EEF      		ldi r25,lo8(-2)
 1591               	.LVL209:
 1592 0206 9093 E800 		sts 232,r25
 1593               	.LBE60:
 1594               	.LBE59:
 1595               	.LSM257:
 1596 020a 4093 E900 		sts 233,r20
 1597               	.LSM258:
 1598 020e 8330      		cpi r24,lo8(3)
 1599 0210 01F4      		brne .+2
 1600 0212 00C0      		rjmp .L30
 1601               	.LSM259:
 1602 0214 89E1      		ldi r24,lo8(25)
 1603               	.LVL210:
 1604 0216 8093 EB00 		sts 235,r24
 1605               	.LSM260:
 1606 021a 81E0      		ldi r24,lo8(1)
 1607 021c 90E0      		ldi r25,hi8(1)
 1608 021e 00C0      		rjmp 2f
 1609 0220 880F      	1:	lsl r24
 1610 0222 991F      		rol r25
 1611 0224 4A95      	2:	dec r20
 1612 0226 02F4      		brpl 1b
 1613               	.LVL211:
 1614               	.L84:
 1615 0228 8093 EA00 		sts 234,r24
 1616               	.LSM261:
 1617 022c 1092 EA00 		sts 234,__zero_reg__
 1618 0230 00C0      		rjmp .L64
 1619               	.LVL212:
 1620               	.L54:
 1621               	.LSM262:
 1622 0232 2115      		cp r18,__zero_reg__
 1623 0234 3105      		cpc r19,__zero_reg__
 1624 0236 01F0      		breq .+2
 1625 0238 00C0      		rjmp .L30
 1626               	.LSM263:
 1627 023a 913A      		cpi r25,lo8(-95)
 1628 023c 01F4      		brne .L56
 1629 023e 8130      		cpi r24,lo8(1)
 1630 0240 01F4      		brne .L30
 1631 0242 80E4      		ldi r24,lo8(64)
 1632               	.LVL213:
 1633               	.LBB61:
 1634               	.LBB62:
 1635               	.LSM264:
 1636 0244 4EEF      		ldi r20,lo8(-2)
 1637               	.LVL214:
 1638               	.L82:
 1639               	.LBE62:
 1640               	.LBE61:
 1641               	.LSM265:
 1642 0246 2091 E800 		lds r18,232
 1643               	.LVL215:
 1644               	.LSM266:
 1645 024a 30E0      		ldi r19,lo8(0)
 1646               	.LVL216:
 1647 024c B901      		movw r22,r18
 1648               	.LVL217:
 1649 024e 6570      		andi r22,lo8(5)
 1650 0250 7070      		andi r23,hi8(5)
 1651 0252 6115      		cp r22,__zero_reg__
 1652 0254 7105      		cpc r23,__zero_reg__
 1653 0256 01F0      		breq .L82
 1654               	.LSM267:
 1655 0258 22FD      		sbrc r18,2
 1656 025a 00C0      		rjmp .L64
 1657               	.LSM268:
 1658 025c 982F      		mov r25,r24
 1659               	.LVL218:
 1660 025e 8132      		cpi r24,lo8(33)
 1661 0260 00F0      		brlo .L58
 1662 0262 90E2      		ldi r25,lo8(32)
 1663               	.L58:
 1664 0264 292F      		mov r18,r25
 1665               	.LVL219:
 1666               	.LSM269:
 1667 0266 00C0      		rjmp .L59
 1668               	.L60:
 1669               	.LSM270:
 1670 0268 1092 F100 		sts 241,__zero_reg__
 1671               	.LSM271:
 1672 026c 2150      		subi r18,lo8(-(-1))
 1673               	.L59:
 1674 026e 2223      		tst r18
 1675 0270 01F4      		brne .L60
 1676               	.LSM272:
 1677 0272 891B      		sub r24,r25
 1678               	.LBB64:
 1679               	.LBB63:
 1680               	.LSM273:
 1681 0274 4093 E800 		sts 232,r20
 1682               	.LBE63:
 1683               	.LBE64:
 1684               	.LSM274:
 1685 0278 8823      		tst r24
 1686 027a 01F4      		brne .L82
 1687 027c 9032      		cpi r25,lo8(32)
 1688 027e 01F0      		breq .L82
 1689 0280 00C0      		rjmp .L64
 1690               	.LVL220:
 1691               	.L56:
 1692               	.LSM275:
 1693 0282 9132      		cpi r25,lo8(33)
 1694 0284 01F4      		brne .L30
 1695 0286 8930      		cpi r24,lo8(9)
 1696 0288 01F4      		brne .L30
 1697 028a 80E4      		ldi r24,lo8(64)
 1698               	.LVL221:
 1699               	.LBB65:
 1700               	.LBB66:
 1701               	.LSM276:
 1702 028c 2BEF      		ldi r18,lo8(-5)
 1703               	.LVL222:
 1704               	.L83:
 1705               	.LBE66:
 1706               	.LBE65:
 1707               	.LBB68:
 1708               	.LBB69:
 1709               	.LSM277:
 1710 028e 9091 E800 		lds r25,232
 1711               	.LVL223:
 1712 0292 92FF      		sbrs r25,2
 1713 0294 00C0      		rjmp .L83
 1714               	.LBE69:
 1715               	.LBE68:
 1716               	.LBB70:
 1717               	.LBB67:
 1718               	.LSM278:
 1719 0296 2093 E800 		sts 232,r18
 1720               	.LBE67:
 1721               	.LBE70:
 1722               	.LSM279:
 1723 029a 982F      		mov r25,r24
 1724               	.LVL224:
 1725 029c 8132      		cpi r24,lo8(33)
 1726 029e 00F0      		brlo .L62
 1727 02a0 90E2      		ldi r25,lo8(32)
 1728               	.L62:
 1729               	.LSM280:
 1730 02a2 891B      		sub r24,r25
 1731               	.LSM281:
 1732 02a4 01F4      		brne .L83
 1733               	.L70:
 1734               	.LBB71:
 1735               	.LBB72:
 1736               	.LSM282:
 1737 02a6 8091 E800 		lds r24,232
 1738               	.LVL225:
 1739 02aa 80FF      		sbrs r24,0
 1740 02ac 00C0      		rjmp .L70
 1741               	.LVL226:
 1742               	.L85:
 1743               	.LBE72:
 1744               	.LBE71:
 1745               	.LBB73:
 1746               	.LBB74:
 1747               	.LSM283:
 1748 02ae 8EEF      		ldi r24,lo8(-2)
 1749 02b0 8093 E800 		sts 232,r24
 1750               	.LBE74:
 1751               	.LBE73:
 1752               	.LSM284:
 1753 02b4 00C0      		rjmp .L64
 1754               	.LVL227:
 1755               	.L30:
 1756               	.LSM285:
 1757 02b6 81E2      		ldi r24,lo8(33)
 1758               	.LVL228:
 1759 02b8 8093 EB00 		sts 235,r24
 1760               	.LVL229:
 1761               	.L64:
 1762               	/* epilogue start */
 1763               	.LSM286:
 1764 02bc FF91      		pop r31
 1765 02be EF91      		pop r30
 1766               	.LVL230:
 1767 02c0 DF91      		pop r29
 1768 02c2 CF91      		pop r28
 1769               	.LVL231:
 1770 02c4 BF91      		pop r27
 1771 02c6 AF91      		pop r26
 1772               	.LVL232:
 1773 02c8 9F91      		pop r25
 1774               	.LVL233:
 1775 02ca 8F91      		pop r24
 1776               	.LVL234:
 1777 02cc 7F91      		pop r23
 1778 02ce 6F91      		pop r22
 1779 02d0 5F91      		pop r21
 1780               	.LVL235:
 1781 02d2 4F91      		pop r20
 1782               	.LVL236:
 1783 02d4 3F91      		pop r19
 1784               	.LVL237:
 1785 02d6 2F91      		pop r18
 1786               	.LVL238:
 1787 02d8 1F91      		pop r17
 1788 02da 0F90      		pop r0
 1789 02dc 0FBE      		out __SREG__,r0
 1790 02de 0F90      		pop r0
 1791 02e0 1F90      		pop __zero_reg__
 1792 02e2 1895      		reti
 1793               	.LFE9:
 1795               		.section	.progmem.data,"a",@progbits
 1798               	descriptor_list:
 1799 0000 0001      		.word	256
 1800 0002 0000      		.word	0
 1801 0004 0000      		.word	device_descriptor
 1802 0006 12        		.byte	18
 1803 0007 0002      		.word	512
 1804 0009 0000      		.word	0
 1805 000b 0000      		.word	config1_descriptor
 1806 000d 29        		.byte	41
 1807 000e 0022      		.word	8704
 1808 0010 0000      		.word	0
 1809 0012 0000      		.word	rawhid_hid_report_desc
 1810 0014 1C        		.byte	28
 1811 0015 0021      		.word	8448
 1812 0017 0000      		.word	0
 1813 0019 0000      		.word	config1_descriptor+18
 1814 001b 09        		.byte	9
 1815 001c 0003      		.word	768
 1816 001e 0000      		.word	0
 1817 0020 0000      		.word	string0
 1818 0022 04        		.byte	4
 1819 0023 0103      		.word	769
 1820 0025 0904      		.word	1033
 1821 0027 0000      		.word	string1
 1822 0029 10        		.byte	16
 1823 002a 0203      		.word	770
 1824 002c 0904      		.word	1033
 1825 002e 0000      		.word	string2
 1826 0030 2A        		.byte	42
 1827               		.lcomm usb_configuration,1
 1830               	endpoint_config_table:
 1831 0031 01        		.byte	1
 1832 0032 C1        		.byte	-63
 1833 0033 36        		.byte	54
 1834 0034 01        		.byte	1
 1835 0035 C0        		.byte	-64
 1836 0036 36        		.byte	54
 1837 0037 00        		.byte	0
 1838 0038 00        		.byte	0
 1839               		.lcomm rx_timeout_count,1
 1840               		.lcomm tx_timeout_count,1
 1843               	device_descriptor:
 1844 0039 12        		.byte	18
 1845 003a 01        		.byte	1
 1846 003b 00        		.byte	0
 1847 003c 02        		.byte	2
 1848 003d 00        		.byte	0
 1849 003e 00        		.byte	0
 1850 003f 00        		.byte	0
 1851 0040 20        		.byte	32
 1852 0041 C0        		.byte	-64
 1853 0042 16        		.byte	22
 1854 0043 FF        		.byte	-1
 1855 0044 0F        		.byte	15
 1856 0045 00        		.byte	0
 1857 0046 01        		.byte	1
 1858 0047 01        		.byte	1
 1859 0048 02        		.byte	2
 1860 0049 00        		.byte	0
 1861 004a 01        		.byte	1
 1864               	config1_descriptor:
 1865 004b 09        		.byte	9
 1866 004c 02        		.byte	2
 1867 004d 29        		.byte	41
 1868 004e 00        		.byte	0
 1869 004f 01        		.byte	1
 1870 0050 01        		.byte	1
 1871 0051 00        		.byte	0
 1872 0052 C0        		.byte	-64
 1873 0053 32        		.byte	50
 1874 0054 09        		.byte	9
 1875 0055 04        		.byte	4
 1876 0056 00        		.byte	0
 1877 0057 00        		.byte	0
 1878 0058 02        		.byte	2
 1879 0059 03        		.byte	3
 1880 005a 00        		.byte	0
 1881 005b 00        		.byte	0
 1882 005c 00        		.byte	0
 1883 005d 09        		.byte	9
 1884 005e 21        		.byte	33
 1885 005f 11        		.byte	17
 1886 0060 01        		.byte	1
 1887 0061 00        		.byte	0
 1888 0062 01        		.byte	1
 1889 0063 22        		.byte	34
 1890 0064 1C        		.byte	28
 1891 0065 00        		.byte	0
 1892 0066 07        		.byte	7
 1893 0067 05        		.byte	5
 1894 0068 81        		.byte	-127
 1895 0069 03        		.byte	3
 1896 006a 40        		.byte	64
 1897 006b 00        		.byte	0
 1898 006c 02        		.byte	2
 1899 006d 07        		.byte	7
 1900 006e 05        		.byte	5
 1901 006f 02        		.byte	2
 1902 0070 03        		.byte	3
 1903 0071 40        		.byte	64
 1904 0072 00        		.byte	0
 1905 0073 08        		.byte	8
 1908               	rawhid_hid_report_desc:
 1909 0074 06        		.byte	6
 1910 0075 AB        		.byte	-85
 1911 0076 FF        		.byte	-1
 1912 0077 0A        		.byte	10
 1913 0078 00        		.byte	0
 1914 0079 02        		.byte	2
 1915 007a A1        		.byte	-95
 1916 007b 01        		.byte	1
 1917 007c 75        		.byte	117
 1918 007d 08        		.byte	8
 1919 007e 15        		.byte	21
 1920 007f 00        		.byte	0
 1921 0080 26        		.byte	38
 1922 0081 FF        		.byte	-1
 1923 0082 00        		.byte	0
 1924 0083 95        		.byte	-107
 1925 0084 40        		.byte	64
 1926 0085 09        		.byte	9
 1927 0086 01        		.byte	1
 1928 0087 81        		.byte	-127
 1929 0088 02        		.byte	2
 1930 0089 95        		.byte	-107
 1931 008a 40        		.byte	64
 1932 008b 09        		.byte	9
 1933 008c 02        		.byte	2
 1934 008d 91        		.byte	-111
 1935 008e 02        		.byte	2
 1936 008f C0        		.byte	-64
 1939               	string0:
 1940 0090 04        		.byte	4
 1941 0091 03        		.byte	3
 1942 0092 0904      		.word	1033
 1945               	string1:
 1946 0094 10        		.byte	16
 1947 0095 03        		.byte	3
 1948 0096 4D00      		.string	"M"
 1949 0098 6600      		.string	"f"
 1950 009a 6700      		.string	"g"
 1951 009c 4E00      		.string	"N"
 1952 009e 6100      		.string	"a"
 1953 00a0 6D00      		.string	"m"
 1954 00a2 6500      		.string	"e"
 1955 00a4 00        		.string	""
 1956 00a5 00        		.string	""
 1959               	string2:
 1960 00a6 2A        		.byte	42
 1961 00a7 03        		.byte	3
 1962 00a8 5400      		.string	"T"
 1963 00aa 6500      		.string	"e"
 1964 00ac 6500      		.string	"e"
 1965 00ae 6E00      		.string	"n"
 1966 00b0 7300      		.string	"s"
 1967 00b2 7900      		.string	"y"
 1968 00b4 2000      		.string	" "
 1969 00b6 5200      		.string	"R"
 1970 00b8 6100      		.string	"a"
 1971 00ba 7700      		.string	"w"
 1972 00bc 2000      		.string	" "
 1973 00be 4800      		.string	"H"
 1974 00c0 4900      		.string	"I"
 1975 00c2 4400      		.string	"D"
 1976 00c4 2000      		.string	" "
 1977 00c6 4300      		.string	"C"
 1978 00c8 5300      		.string	"S"
 1979 00ca 3500      		.string	"5"
 1980 00cc 3700      		.string	"7"
 1981 00ce 3200      		.string	"2"
 1982 00d0 00        		.string	""
 1983 00d1 00        		.string	""
 2048               	.Letext0:
DEFINED SYMBOLS
                            *ABS*:0000000000000000 usb_rawhid.c
     /tmp/cccZ7CWX.s:2      *ABS*:000000000000003f __SREG__
     /tmp/cccZ7CWX.s:3      *ABS*:000000000000003e __SP_H__
     /tmp/cccZ7CWX.s:4      *ABS*:000000000000003d __SP_L__
     /tmp/cccZ7CWX.s:5      *ABS*:0000000000000000 __tmp_reg__
     /tmp/cccZ7CWX.s:6      *ABS*:0000000000000001 __zero_reg__
     /tmp/cccZ7CWX.s:20     .text.usb_init:0000000000000000 usb_init
                             .bss:0000000000000000 usb_configuration
     /tmp/cccZ7CWX.s:63     .text.usb_configured:0000000000000000 usb_configured
     /tmp/cccZ7CWX.s:78     .text.usb_rawhid_recv:0000000000000000 usb_rawhid_recv
     /tmp/cccZ7CWX.s:1827   .bss:0000000000000001 rx_timeout_count
     /tmp/cccZ7CWX.s:561    .text.usb_rawhid_send:0000000000000000 usb_rawhid_send
     /tmp/cccZ7CWX.s:1839   .bss:0000000000000002 tx_timeout_count
     /tmp/cccZ7CWX.s:1045   .text.__vector_10:0000000000000000 __vector_10
     /tmp/cccZ7CWX.s:1123   .text.__vector_11:0000000000000000 __vector_11
     /tmp/cccZ7CWX.s:1798   .progmem.data:0000000000000000 descriptor_list
     /tmp/cccZ7CWX.s:1830   .progmem.data:0000000000000031 endpoint_config_table
     /tmp/cccZ7CWX.s:1843   .progmem.data:0000000000000039 device_descriptor
     /tmp/cccZ7CWX.s:1864   .progmem.data:000000000000004b config1_descriptor
     /tmp/cccZ7CWX.s:1908   .progmem.data:0000000000000074 rawhid_hid_report_desc
     /tmp/cccZ7CWX.s:1939   .progmem.data:0000000000000090 string0
     /tmp/cccZ7CWX.s:1945   .progmem.data:0000000000000094 string1
     /tmp/cccZ7CWX.s:1959   .progmem.data:00000000000000a6 string2

UNDEFINED SYMBOLS
__do_copy_data
__do_clear_bss
